<?xml version="1.0" encoding="UTF-8" standalone="no"?>
<testsuite errors="0" failures="0" name="io.cucumber.core.plugin.JUnitFormatter" skipped="0" tests="3" time="47.17">
<testcase classname="Get weather details" name="AC1. “I want to get the current weather data for a specific location based on lat and long”." time="5.461">
<system-out><![CDATA[Given I want to get the current weather data for a specific location based on 33.8688 and 151.2093 with status code 200.passed
]]></system-out>
</testcase>
<testcase classname="Get weather details" name="AC2. “I want to get the current weather data for multiple cities in the world”." time="39.655">
<system-out><![CDATA[Given I want to get the current weather data for multiple cities in the world with status code 403.passed
]]></system-out>
</testcase>
<testcase classname="Get weather details" name="AC3. “I want to get the current air quality data for a particular postcode”." time="1.775">
<system-out><![CDATA[Given I want to get the current air quality data for postcode = 3999 with status code 200.passed
]]></system-out>
</testcase>
</testsuite>
